<?xml version="1.0" encoding="UTF-8"?>
<testsuite name="com.library.LibraryApplicationTests" tests="1" skipped="0" failures="0" errors="0" timestamp="2021-12-17T14:09:50" hostname="armelsanou" time="0.197">
  <properties/>
  <testcase name="contextLoads()" classname="com.library.LibraryApplicationTests" time="0.197"/>
  <system-out><![CDATA[15:09:44.135 [Test worker] DEBUG org.springframework.test.context.BootstrapUtils - Instantiating CacheAwareContextLoaderDelegate from class [org.springframework.test.context.cache.DefaultCacheAwareContextLoaderDelegate]
15:09:44.147 [Test worker] DEBUG org.springframework.test.context.BootstrapUtils - Instantiating BootstrapContext using constructor [public org.springframework.test.context.support.DefaultBootstrapContext(java.lang.Class,org.springframework.test.context.CacheAwareContextLoaderDelegate)]
15:09:44.195 [Test worker] DEBUG org.springframework.test.context.BootstrapUtils - Instantiating TestContextBootstrapper for test class [com.library.LibraryApplicationTests] from class [org.springframework.boot.test.context.SpringBootTestContextBootstrapper]
15:09:44.222 [Test worker] INFO org.springframework.boot.test.context.SpringBootTestContextBootstrapper - Neither @ContextConfiguration nor @ContextHierarchy found for test class [com.library.LibraryApplicationTests], using SpringBootContextLoader
15:09:44.227 [Test worker] DEBUG org.springframework.test.context.support.AbstractContextLoader - Did not detect default resource location for test class [com.library.LibraryApplicationTests]: class path resource [com/library/LibraryApplicationTests-context.xml] does not exist
15:09:44.228 [Test worker] DEBUG org.springframework.test.context.support.AbstractContextLoader - Did not detect default resource location for test class [com.library.LibraryApplicationTests]: class path resource [com/library/LibraryApplicationTestsContext.groovy] does not exist
15:09:44.228 [Test worker] INFO org.springframework.test.context.support.AbstractContextLoader - Could not detect default resource locations for test class [com.library.LibraryApplicationTests]: no resource found for suffixes {-context.xml, Context.groovy}.
15:09:44.229 [Test worker] INFO org.springframework.test.context.support.AnnotationConfigContextLoaderUtils - Could not detect default configuration classes for test class [com.library.LibraryApplicationTests]: LibraryApplicationTests does not declare any static, non-private, non-final, nested classes annotated with @Configuration.
15:09:44.336 [Test worker] DEBUG org.springframework.test.context.support.ActiveProfilesUtils - Could not find an 'annotation declaring class' for annotation type [org.springframework.test.context.ActiveProfiles] and class [com.library.LibraryApplicationTests]
15:09:44.410 [Test worker] DEBUG org.springframework.context.annotation.ClassPathScanningCandidateComponentProvider - Identified candidate component class: file [/home/armel-sanou/Documents/library/build/classes/java/main/com/library/LibraryApplication.class]
15:09:44.411 [Test worker] INFO org.springframework.boot.test.context.SpringBootTestContextBootstrapper - Found @SpringBootConfiguration com.library.LibraryApplication for test class com.library.LibraryApplicationTests
15:09:44.527 [Test worker] DEBUG org.springframework.boot.test.context.SpringBootTestContextBootstrapper - @TestExecutionListeners is not present for class [com.library.LibraryApplicationTests]: using defaults.
15:09:44.527 [Test worker] INFO org.springframework.boot.test.context.SpringBootTestContextBootstrapper - Loaded default TestExecutionListener class names from location [META-INF/spring.factories]: [org.springframework.boot.test.autoconfigure.restdocs.RestDocsTestExecutionListener, org.springframework.boot.test.autoconfigure.web.client.MockRestServiceServerResetTestExecutionListener, org.springframework.boot.test.autoconfigure.web.servlet.MockMvcPrintOnlyOnFailureTestExecutionListener, org.springframework.boot.test.autoconfigure.web.servlet.WebDriverTestExecutionListener, org.springframework.boot.test.autoconfigure.webservices.client.MockWebServiceServerTestExecutionListener, org.springframework.boot.test.mock.mockito.MockitoTestExecutionListener, org.springframework.boot.test.mock.mockito.ResetMocksTestExecutionListener, org.springframework.test.context.web.ServletTestExecutionListener, org.springframework.test.context.support.DirtiesContextBeforeModesTestExecutionListener, org.springframework.test.context.event.ApplicationEventsTestExecutionListener, org.springframework.test.context.support.DependencyInjectionTestExecutionListener, org.springframework.test.context.support.DirtiesContextTestExecutionListener, org.springframework.test.context.transaction.TransactionalTestExecutionListener, org.springframework.test.context.jdbc.SqlScriptsTestExecutionListener, org.springframework.test.context.event.EventPublishingTestExecutionListener]
15:09:44.547 [Test worker] INFO org.springframework.boot.test.context.SpringBootTestContextBootstrapper - Using TestExecutionListeners: [org.springframework.test.context.web.ServletTestExecutionListener@4721d212, org.springframework.test.context.support.DirtiesContextBeforeModesTestExecutionListener@1b065145, org.springframework.test.context.event.ApplicationEventsTestExecutionListener@45cff11c, org.springframework.boot.test.mock.mockito.MockitoTestExecutionListener@207ea13, org.springframework.boot.test.autoconfigure.SpringBootDependencyInjectionTestExecutionListener@4bff1903, org.springframework.test.context.support.DirtiesContextTestExecutionListener@62dae540, org.springframework.test.context.transaction.TransactionalTestExecutionListener@5827af16, org.springframework.test.context.jdbc.SqlScriptsTestExecutionListener@654d8173, org.springframework.test.context.event.EventPublishingTestExecutionListener@56c9bbd8, org.springframework.boot.test.autoconfigure.restdocs.RestDocsTestExecutionListener@630cb4a4, org.springframework.boot.test.autoconfigure.web.client.MockRestServiceServerResetTestExecutionListener@636e8cc, org.springframework.boot.test.autoconfigure.web.servlet.MockMvcPrintOnlyOnFailureTestExecutionListener@f79a760, org.springframework.boot.test.autoconfigure.web.servlet.WebDriverTestExecutionListener@14f5da2c, org.springframework.boot.test.autoconfigure.webservices.client.MockWebServiceServerTestExecutionListener@12dae582, org.springframework.boot.test.mock.mockito.ResetMocksTestExecutionListener@239b0f9d]
15:09:44.551 [Test worker] DEBUG org.springframework.test.context.support.AbstractDirtiesContextTestExecutionListener - Before test class: context [DefaultTestContext@546ccad7 testClass = LibraryApplicationTests, testInstance = [null], testMethod = [null], testException = [null], mergedContextConfiguration = [WebMergedContextConfiguration@5357c287 testClass = LibraryApplicationTests, locations = '{}', classes = '{class com.library.LibraryApplication}', contextInitializerClasses = '[]', activeProfiles = '{}', propertySourceLocations = '{}', propertySourceProperties = '{org.springframework.boot.test.context.SpringBootTestContextBootstrapper=true}', contextCustomizers = set[org.springframework.boot.test.autoconfigure.actuate.metrics.MetricsExportContextCustomizerFactory$DisableMetricExportContextCustomizer@68df9280, org.springframework.boot.test.autoconfigure.properties.PropertyMappingContextCustomizer@0, org.springframework.boot.test.autoconfigure.web.servlet.WebDriverContextCustomizerFactory$Customizer@7c8c9a05, org.springframework.boot.test.context.filter.ExcludeFilterContextCustomizer@7a55af6b, org.springframework.boot.test.json.DuplicateJsonObjectContextCustomizerFactory$DuplicateJsonObjectContextCustomizer@27216cd, org.springframework.boot.test.mock.mockito.MockitoContextCustomizer@0, org.springframework.boot.test.web.client.TestRestTemplateContextCustomizer@5a2d131d, org.springframework.boot.test.context.SpringBootTestArgs@1, org.springframework.boot.test.context.SpringBootTestWebEnvironment@15ca7889], resourceBasePath = 'src/main/webapp', contextLoader = 'org.springframework.boot.test.context.SpringBootContextLoader', parent = [null]], attributes = map['org.springframework.test.context.web.ServletTestExecutionListener.activateListener' -> true]], class annotated with @DirtiesContext [false] with mode [null].
15:09:44.622 [Test worker] DEBUG org.springframework.boot.ApplicationServletEnvironment - Activating profiles []
15:09:44.623 [Test worker] DEBUG org.springframework.test.context.support.TestPropertySourceUtils - Adding inlined properties to environment: {spring.jmx.enabled=false, org.springframework.boot.test.context.SpringBootTestContextBootstrapper=true}

  .   ____          _            __ _ _
 /\\ / ___'_ __ _ _(_)_ __  __ _ \ \ \ \
( ( )\___ | '_ | '_| | '_ \/ _` | \ \ \ \
 \\/  ___)| |_)| | | | | || (_| |  ) ) ) )
  '  |____| .__|_| |_|_| |_\__, | / / / /
 =========|_|==============|___/=/_/_/_/
 :: Spring Boot ::                (v2.6.1)

2021-12-17 15:09:44.937  INFO 14709 --- [    Test worker] com.library.LibraryApplicationTests      : Starting LibraryApplicationTests using Java 11.0.11 on armelsanou with PID 14709 (started by armel-sanou in /home/armel-sanou/Documents/library)
2021-12-17 15:09:44.938  INFO 14709 --- [    Test worker] com.library.LibraryApplicationTests      : No active profile set, falling back to default profiles: default
2021-12-17 15:09:45.745  INFO 14709 --- [    Test worker] .s.d.r.c.RepositoryConfigurationDelegate : Multiple Spring Data modules found, entering strict repository configuration mode!
2021-12-17 15:09:45.747  INFO 14709 --- [    Test worker] .s.d.r.c.RepositoryConfigurationDelegate : Bootstrapping Spring Data JDBC repositories in DEFAULT mode.
2021-12-17 15:09:45.783  INFO 14709 --- [    Test worker] .RepositoryConfigurationExtensionSupport : Spring Data JDBC - Could not safely identify store assignment for repository candidate interface com.library.repositories.AbonnementRepository. If you want this repository to be a JDBC repository, consider annotating your entities with one of these annotations: org.springframework.data.relational.core.mapping.Table.
2021-12-17 15:09:45.785  INFO 14709 --- [    Test worker] .RepositoryConfigurationExtensionSupport : Spring Data JDBC - Could not safely identify store assignment for repository candidate interface com.library.repositories.BibliothecaireRepository. If you want this repository to be a JDBC repository, consider annotating your entities with one of these annotations: org.springframework.data.relational.core.mapping.Table.
2021-12-17 15:09:45.788  INFO 14709 --- [    Test worker] .RepositoryConfigurationExtensionSupport : Spring Data JDBC - Could not safely identify store assignment for repository candidate interface com.library.repositories.CategorieRepository. If you want this repository to be a JDBC repository, consider annotating your entities with one of these annotations: org.springframework.data.relational.core.mapping.Table.
2021-12-17 15:09:45.791  INFO 14709 --- [    Test worker] .RepositoryConfigurationExtensionSupport : Spring Data JDBC - Could not safely identify store assignment for repository candidate interface com.library.repositories.EffectuerAbonnementRepository. If you want this repository to be a JDBC repository, consider annotating your entities with one of these annotations: org.springframework.data.relational.core.mapping.Table.
2021-12-17 15:09:45.793  INFO 14709 --- [    Test worker] .RepositoryConfigurationExtensionSupport : Spring Data JDBC - Could not safely identify store assignment for repository candidate interface com.library.repositories.EmpruntRepository. If you want this repository to be a JDBC repository, consider annotating your entities with one of these annotations: org.springframework.data.relational.core.mapping.Table.
2021-12-17 15:09:45.795  INFO 14709 --- [    Test worker] .RepositoryConfigurationExtensionSupport : Spring Data JDBC - Could not safely identify store assignment for repository candidate interface com.library.repositories.EtatlivreRepository. If you want this repository to be a JDBC repository, consider annotating your entities with one of these annotations: org.springframework.data.relational.core.mapping.Table.
2021-12-17 15:09:45.797  INFO 14709 --- [    Test worker] .RepositoryConfigurationExtensionSupport : Spring Data JDBC - Could not safely identify store assignment for repository candidate interface com.library.repositories.LecteurRepository. If you want this repository to be a JDBC repository, consider annotating your entities with one of these annotations: org.springframework.data.relational.core.mapping.Table.
2021-12-17 15:09:45.799  INFO 14709 --- [    Test worker] .RepositoryConfigurationExtensionSupport : Spring Data JDBC - Could not safely identify store assignment for repository candidate interface com.library.repositories.LivreRepository. If you want this repository to be a JDBC repository, consider annotating your entities with one of these annotations: org.springframework.data.relational.core.mapping.Table.
2021-12-17 15:09:45.802  INFO 14709 --- [    Test worker] .RepositoryConfigurationExtensionSupport : Spring Data JDBC - Could not safely identify store assignment for repository candidate interface com.library.repositories.RayonRepository. If you want this repository to be a JDBC repository, consider annotating your entities with one of these annotations: org.springframework.data.relational.core.mapping.Table.
2021-12-17 15:09:45.803  INFO 14709 --- [    Test worker] .s.d.r.c.RepositoryConfigurationDelegate : Finished Spring Data repository scanning in 45 ms. Found 0 JDBC repository interfaces.
2021-12-17 15:09:45.818  INFO 14709 --- [    Test worker] .s.d.r.c.RepositoryConfigurationDelegate : Multiple Spring Data modules found, entering strict repository configuration mode!
2021-12-17 15:09:45.820  INFO 14709 --- [    Test worker] .s.d.r.c.RepositoryConfigurationDelegate : Bootstrapping Spring Data JPA repositories in DEFAULT mode.
2021-12-17 15:09:45.869  INFO 14709 --- [    Test worker] .s.d.r.c.RepositoryConfigurationDelegate : Finished Spring Data repository scanning in 43 ms. Found 9 JPA repository interfaces.
2021-12-17 15:09:46.521  INFO 14709 --- [    Test worker] trationDelegate$BeanPostProcessorChecker : Bean 'org.springframework.ws.config.annotation.DelegatingWsConfiguration' of type [org.springframework.ws.config.annotation.DelegatingWsConfiguration$$EnhancerBySpringCGLIB$$867b9d01] is not eligible for getting processed by all BeanPostProcessors (for example: not eligible for auto-proxying)
2021-12-17 15:09:46.699  INFO 14709 --- [    Test worker] .w.s.a.s.AnnotationActionEndpointMapping : Supporting [WS-Addressing August 2004, WS-Addressing 1.0]
2021-12-17 15:09:47.062  INFO 14709 --- [    Test worker] o.hibernate.jpa.internal.util.LogHelper  : HHH000204: Processing PersistenceUnitInfo [name: default]
2021-12-17 15:09:47.162  INFO 14709 --- [    Test worker] org.hibernate.Version                    : HHH000412: Hibernate ORM core version 5.6.1.Final
2021-12-17 15:09:47.535  INFO 14709 --- [    Test worker] o.hibernate.annotations.common.Version   : HCANN000001: Hibernate Commons Annotations {5.1.2.Final}
2021-12-17 15:09:47.651  INFO 14709 --- [    Test worker] com.zaxxer.hikari.HikariDataSource       : HikariPool-1 - Starting...
2021-12-17 15:09:47.791  INFO 14709 --- [    Test worker] com.zaxxer.hikari.pool.PoolBase          : HikariPool-1 - Driver does not support get/set network timeout for connections. (Receiver class com.mysql.jdbc.JDBC4Connection does not define or inherit an implementation of the resolved method 'abstract int getNetworkTimeout()' of interface java.sql.Connection.)
2021-12-17 15:09:47.794  INFO 14709 --- [    Test worker] com.zaxxer.hikari.HikariDataSource       : HikariPool-1 - Start completed.
2021-12-17 15:09:47.814  INFO 14709 --- [    Test worker] org.hibernate.dialect.Dialect            : HHH000400: Using dialect: org.hibernate.dialect.MySQL5InnoDBDialect
2021-12-17 15:09:47.975  WARN 14709 --- [    Test worker] org.hibernate.cfg.AnnotationBinder       : HHH000139: Illegal use of @Table in a subclass of a SINGLE_TABLE hierarchy: com.library.entities.Bibliothecaire
2021-12-17 15:09:48.888  INFO 14709 --- [    Test worker] o.h.e.t.j.p.i.JtaPlatformInitiator       : HHH000490: Using JtaPlatform implementation: [org.hibernate.engine.transaction.jta.platform.internal.NoJtaPlatform]
2021-12-17 15:09:49.025  INFO 14709 --- [    Test worker] j.LocalContainerEntityManagerFactoryBean : Initialized JPA EntityManagerFactory for persistence unit 'default'
2021-12-17 15:09:49.786  WARN 14709 --- [    Test worker] JpaBaseConfiguration$JpaWebConfiguration : spring.jpa.open-in-view is enabled by default. Therefore, database queries may be performed during view rendering. Explicitly configure spring.jpa.open-in-view to disable this warning
2021-12-17 15:09:49.976  WARN 14709 --- [    Test worker] o.s.data.convert.CustomConversions       : Registering converter from class java.time.OffsetDateTime to class org.springframework.data.jdbc.core.convert.JdbcValue as writing converter although it doesn't convert to a store-supported type! You might want to check your annotation setup at the converter implementation.
2021-12-17 15:09:50.768  INFO 14709 --- [    Test worker] com.library.LibraryApplicationTests      : Started LibraryApplicationTests in 6.143 seconds (JVM running for 7.59)
started test
Hibernate: select emprunt0_.date_emprunt as date_emp1_3_, emprunt0_.id_lecteur as id_lecte2_3_, emprunt0_.isbn as isbn3_3_, emprunt0_.date_retour_eff as date_ret4_3_, emprunt0_.date_retour_theo as date_ret5_3_, emprunt0_.nbr_avertissement as nbr_aver6_3_ from library.emprunt emprunt0_ where emprunt0_.isbn=? and emprunt0_.id_lecteur=? and (emprunt0_.date_retour_eff is null)
Hibernate: select lecteur0_.id_lecteur as id_lecte2_5_0_, lecteur0_.email as email3_5_0_, lecteur0_.login as login4_5_0_, lecteur0_.mdp as mdp5_5_0_, lecteur0_.nom as nom6_5_0_, lecteur0_.prenom as prenom7_5_0_, lecteur0_.role as role8_5_0_, lecteur0_.telephone as telephon9_5_0_, lecteur0_.dtype as dtype1_5_0_ from library.lecteur lecteur0_ where lecteur0_.id_lecteur=?
Hibernate: select livre0_.isbn as isbn1_6_0_, livre0_.auteur as auteur2_6_0_, livre0_.date_edition as date_edi3_6_0_, livre0_.description as descript4_6_0_, livre0_.id_categorie as id_categ7_6_0_, livre0_.id_etat_livre as id_etat_8_6_0_, livre0_.image as image5_6_0_, livre0_.titre as titre6_6_0_, categorie1_.id_categorie as id_categ1_1_1_, categorie1_.libelle as libelle2_1_1_, etatlivre2_.id_etat_livre as id_etat_1_4_2_, etatlivre2_.etat as etat2_4_2_ from library.livre livre0_ left outer join library.categorie categorie1_ on livre0_.id_categorie=categorie1_.id_categorie left outer join library.etatlivre etatlivre2_ on livre0_.id_etat_livre=etatlivre2_.id_etat_livre where livre0_.isbn=?
]]></system-out>
  <system-err><![CDATA[]]></system-err>
</testsuite>
