<?xml version="1.0" encoding="UTF-8"?>
<testsuite name="com.library.LibraryApplicationTests" tests="1" skipped="0" failures="0" errors="0" timestamp="2022-01-05T11:02:53" hostname="armelsanou" time="0.184">
  <properties/>
  <testcase name="contextLoads()" classname="com.library.LibraryApplicationTests" time="0.184"/>
  <system-out><![CDATA[12:02:48.164 [Test worker] DEBUG org.springframework.test.context.BootstrapUtils - Instantiating CacheAwareContextLoaderDelegate from class [org.springframework.test.context.cache.DefaultCacheAwareContextLoaderDelegate]
12:02:48.181 [Test worker] DEBUG org.springframework.test.context.BootstrapUtils - Instantiating BootstrapContext using constructor [public org.springframework.test.context.support.DefaultBootstrapContext(java.lang.Class,org.springframework.test.context.CacheAwareContextLoaderDelegate)]
12:02:48.216 [Test worker] DEBUG org.springframework.test.context.BootstrapUtils - Instantiating TestContextBootstrapper for test class [com.library.LibraryApplicationTests] from class [org.springframework.boot.test.context.SpringBootTestContextBootstrapper]
12:02:48.228 [Test worker] INFO org.springframework.boot.test.context.SpringBootTestContextBootstrapper - Neither @ContextConfiguration nor @ContextHierarchy found for test class [com.library.LibraryApplicationTests], using SpringBootContextLoader
12:02:48.233 [Test worker] DEBUG org.springframework.test.context.support.AbstractContextLoader - Did not detect default resource location for test class [com.library.LibraryApplicationTests]: class path resource [com/library/LibraryApplicationTests-context.xml] does not exist
12:02:48.234 [Test worker] DEBUG org.springframework.test.context.support.AbstractContextLoader - Did not detect default resource location for test class [com.library.LibraryApplicationTests]: class path resource [com/library/LibraryApplicationTestsContext.groovy] does not exist
12:02:48.234 [Test worker] INFO org.springframework.test.context.support.AbstractContextLoader - Could not detect default resource locations for test class [com.library.LibraryApplicationTests]: no resource found for suffixes {-context.xml, Context.groovy}.
12:02:48.235 [Test worker] INFO org.springframework.test.context.support.AnnotationConfigContextLoaderUtils - Could not detect default configuration classes for test class [com.library.LibraryApplicationTests]: LibraryApplicationTests does not declare any static, non-private, non-final, nested classes annotated with @Configuration.
12:02:48.443 [Test worker] DEBUG org.springframework.test.context.support.ActiveProfilesUtils - Could not find an 'annotation declaring class' for annotation type [org.springframework.test.context.ActiveProfiles] and class [com.library.LibraryApplicationTests]
12:02:48.507 [Test worker] DEBUG org.springframework.context.annotation.ClassPathScanningCandidateComponentProvider - Identified candidate component class: file [/home/armel-sanou/Documents/GitHub/library/build/classes/java/main/com/library/LibraryApplication.class]
12:02:48.508 [Test worker] INFO org.springframework.boot.test.context.SpringBootTestContextBootstrapper - Found @SpringBootConfiguration com.library.LibraryApplication for test class com.library.LibraryApplicationTests
12:02:48.607 [Test worker] DEBUG org.springframework.boot.test.context.SpringBootTestContextBootstrapper - @TestExecutionListeners is not present for class [com.library.LibraryApplicationTests]: using defaults.
12:02:48.607 [Test worker] INFO org.springframework.boot.test.context.SpringBootTestContextBootstrapper - Loaded default TestExecutionListener class names from location [META-INF/spring.factories]: [org.springframework.boot.test.autoconfigure.restdocs.RestDocsTestExecutionListener, org.springframework.boot.test.autoconfigure.web.client.MockRestServiceServerResetTestExecutionListener, org.springframework.boot.test.autoconfigure.web.servlet.MockMvcPrintOnlyOnFailureTestExecutionListener, org.springframework.boot.test.autoconfigure.web.servlet.WebDriverTestExecutionListener, org.springframework.boot.test.autoconfigure.webservices.client.MockWebServiceServerTestExecutionListener, org.springframework.boot.test.mock.mockito.MockitoTestExecutionListener, org.springframework.boot.test.mock.mockito.ResetMocksTestExecutionListener, org.springframework.test.context.web.ServletTestExecutionListener, org.springframework.test.context.support.DirtiesContextBeforeModesTestExecutionListener, org.springframework.test.context.event.ApplicationEventsTestExecutionListener, org.springframework.test.context.support.DependencyInjectionTestExecutionListener, org.springframework.test.context.support.DirtiesContextTestExecutionListener, org.springframework.test.context.transaction.TransactionalTestExecutionListener, org.springframework.test.context.jdbc.SqlScriptsTestExecutionListener, org.springframework.test.context.event.EventPublishingTestExecutionListener]
12:02:48.630 [Test worker] INFO org.springframework.boot.test.context.SpringBootTestContextBootstrapper - Using TestExecutionListeners: [org.springframework.test.context.web.ServletTestExecutionListener@53f48368, org.springframework.test.context.support.DirtiesContextBeforeModesTestExecutionListener@24d4d7c9, org.springframework.test.context.event.ApplicationEventsTestExecutionListener@f0e995e, org.springframework.boot.test.mock.mockito.MockitoTestExecutionListener@4c37b5b, org.springframework.boot.test.autoconfigure.SpringBootDependencyInjectionTestExecutionListener@73db4768, org.springframework.test.context.support.DirtiesContextTestExecutionListener@71b3bc45, org.springframework.test.context.transaction.TransactionalTestExecutionListener@a8c1f44, org.springframework.test.context.jdbc.SqlScriptsTestExecutionListener@150ab4ed, org.springframework.test.context.event.EventPublishingTestExecutionListener@3c435123, org.springframework.boot.test.autoconfigure.restdocs.RestDocsTestExecutionListener@50fe837a, org.springframework.boot.test.autoconfigure.web.client.MockRestServiceServerResetTestExecutionListener@3a62c01e, org.springframework.boot.test.autoconfigure.web.servlet.MockMvcPrintOnlyOnFailureTestExecutionListener@7a8fa663, org.springframework.boot.test.autoconfigure.web.servlet.WebDriverTestExecutionListener@5ce33a58, org.springframework.boot.test.autoconfigure.webservices.client.MockWebServiceServerTestExecutionListener@78a287ed, org.springframework.boot.test.mock.mockito.ResetMocksTestExecutionListener@546ccad7]
12:02:48.633 [Test worker] DEBUG org.springframework.test.context.support.AbstractDirtiesContextTestExecutionListener - Before test class: context [DefaultTestContext@553f1d75 testClass = LibraryApplicationTests, testInstance = [null], testMethod = [null], testException = [null], mergedContextConfiguration = [WebMergedContextConfiguration@6e1d8f9e testClass = LibraryApplicationTests, locations = '{}', classes = '{class com.library.LibraryApplication}', contextInitializerClasses = '[]', activeProfiles = '{}', propertySourceLocations = '{}', propertySourceProperties = '{org.springframework.boot.test.context.SpringBootTestContextBootstrapper=true}', contextCustomizers = set[org.springframework.boot.test.autoconfigure.actuate.metrics.MetricsExportContextCustomizerFactory$DisableMetricExportContextCustomizer@4f3bbf68, org.springframework.boot.test.autoconfigure.properties.PropertyMappingContextCustomizer@0, org.springframework.boot.test.autoconfigure.web.servlet.WebDriverContextCustomizerFactory$Customizer@60129b9a, org.springframework.boot.test.context.filter.ExcludeFilterContextCustomizer@27216cd, org.springframework.boot.test.json.DuplicateJsonObjectContextCustomizerFactory$DuplicateJsonObjectContextCustomizer@7582ff54, org.springframework.boot.test.mock.mockito.MockitoContextCustomizer@0, org.springframework.boot.test.web.client.TestRestTemplateContextCustomizer@512baff6, org.springframework.boot.test.context.SpringBootTestArgs@1, org.springframework.boot.test.context.SpringBootTestWebEnvironment@6e509ffa], resourceBasePath = 'src/main/webapp', contextLoader = 'org.springframework.boot.test.context.SpringBootContextLoader', parent = [null]], attributes = map['org.springframework.test.context.web.ServletTestExecutionListener.activateListener' -> true]], class annotated with @DirtiesContext [false] with mode [null].
12:02:48.701 [Test worker] DEBUG org.springframework.boot.ApplicationServletEnvironment - Activating profiles []
12:02:48.702 [Test worker] DEBUG org.springframework.test.context.support.TestPropertySourceUtils - Adding inlined properties to environment: {spring.jmx.enabled=false, org.springframework.boot.test.context.SpringBootTestContextBootstrapper=true}

  .   ____          _            __ _ _
 /\\ / ___'_ __ _ _(_)_ __  __ _ \ \ \ \
( ( )\___ | '_ | '_| | '_ \/ _` | \ \ \ \
 \\/  ___)| |_)| | | | | || (_| |  ) ) ) )
  '  |____| .__|_| |_|_| |_\__, | / / / /
 =========|_|==============|___/=/_/_/_/
 :: Spring Boot ::                (v2.6.1)

2022-01-05 12:02:48.997  INFO 35841 --- [    Test worker] com.library.LibraryApplicationTests      : Starting LibraryApplicationTests using Java 11.0.13 on armelsanou with PID 35841 (started by armel-sanou in /home/armel-sanou/Documents/GitHub/library)
2022-01-05 12:02:48.999  INFO 35841 --- [    Test worker] com.library.LibraryApplicationTests      : No active profile set, falling back to default profiles: default
2022-01-05 12:02:49.763  INFO 35841 --- [    Test worker] .s.d.r.c.RepositoryConfigurationDelegate : Multiple Spring Data modules found, entering strict repository configuration mode!
2022-01-05 12:02:49.765  INFO 35841 --- [    Test worker] .s.d.r.c.RepositoryConfigurationDelegate : Bootstrapping Spring Data JDBC repositories in DEFAULT mode.
2022-01-05 12:02:49.792  INFO 35841 --- [    Test worker] .RepositoryConfigurationExtensionSupport : Spring Data JDBC - Could not safely identify store assignment for repository candidate interface com.library.repositories.AbonnementRepository. If you want this repository to be a JDBC repository, consider annotating your entities with one of these annotations: org.springframework.data.relational.core.mapping.Table.
2022-01-05 12:02:49.794  INFO 35841 --- [    Test worker] .RepositoryConfigurationExtensionSupport : Spring Data JDBC - Could not safely identify store assignment for repository candidate interface com.library.repositories.CategorieRepository. If you want this repository to be a JDBC repository, consider annotating your entities with one of these annotations: org.springframework.data.relational.core.mapping.Table.
2022-01-05 12:02:49.796  INFO 35841 --- [    Test worker] .RepositoryConfigurationExtensionSupport : Spring Data JDBC - Could not safely identify store assignment for repository candidate interface com.library.repositories.EffectuerAbonnementRepository. If you want this repository to be a JDBC repository, consider annotating your entities with one of these annotations: org.springframework.data.relational.core.mapping.Table.
2022-01-05 12:02:49.798  INFO 35841 --- [    Test worker] .RepositoryConfigurationExtensionSupport : Spring Data JDBC - Could not safely identify store assignment for repository candidate interface com.library.repositories.EmpruntRepository. If you want this repository to be a JDBC repository, consider annotating your entities with one of these annotations: org.springframework.data.relational.core.mapping.Table.
2022-01-05 12:02:49.799  INFO 35841 --- [    Test worker] .RepositoryConfigurationExtensionSupport : Spring Data JDBC - Could not safely identify store assignment for repository candidate interface com.library.repositories.EtatlivreRepository. If you want this repository to be a JDBC repository, consider annotating your entities with one of these annotations: org.springframework.data.relational.core.mapping.Table.
2022-01-05 12:02:49.800  INFO 35841 --- [    Test worker] .RepositoryConfigurationExtensionSupport : Spring Data JDBC - Could not safely identify store assignment for repository candidate interface com.library.repositories.LecteurRepository. If you want this repository to be a JDBC repository, consider annotating your entities with one of these annotations: org.springframework.data.relational.core.mapping.Table.
2022-01-05 12:02:49.802  INFO 35841 --- [    Test worker] .RepositoryConfigurationExtensionSupport : Spring Data JDBC - Could not safely identify store assignment for repository candidate interface com.library.repositories.LivreRepository. If you want this repository to be a JDBC repository, consider annotating your entities with one of these annotations: org.springframework.data.relational.core.mapping.Table.
2022-01-05 12:02:49.803  INFO 35841 --- [    Test worker] .RepositoryConfigurationExtensionSupport : Spring Data JDBC - Could not safely identify store assignment for repository candidate interface com.library.repositories.RayonRepository. If you want this repository to be a JDBC repository, consider annotating your entities with one of these annotations: org.springframework.data.relational.core.mapping.Table.
2022-01-05 12:02:49.804  INFO 35841 --- [    Test worker] .s.d.r.c.RepositoryConfigurationDelegate : Finished Spring Data repository scanning in 34 ms. Found 0 JDBC repository interfaces.
2022-01-05 12:02:49.812  INFO 35841 --- [    Test worker] .s.d.r.c.RepositoryConfigurationDelegate : Multiple Spring Data modules found, entering strict repository configuration mode!
2022-01-05 12:02:49.813  INFO 35841 --- [    Test worker] .s.d.r.c.RepositoryConfigurationDelegate : Bootstrapping Spring Data JPA repositories in DEFAULT mode.
2022-01-05 12:02:49.856  INFO 35841 --- [    Test worker] .s.d.r.c.RepositoryConfigurationDelegate : Finished Spring Data repository scanning in 38 ms. Found 8 JPA repository interfaces.
2022-01-05 12:02:50.177  INFO 35841 --- [    Test worker] trationDelegate$BeanPostProcessorChecker : Bean 'org.springframework.ws.config.annotation.DelegatingWsConfiguration' of type [org.springframework.ws.config.annotation.DelegatingWsConfiguration$$EnhancerBySpringCGLIB$$519d0290] is not eligible for getting processed by all BeanPostProcessors (for example: not eligible for auto-proxying)
2022-01-05 12:02:50.341  INFO 35841 --- [    Test worker] .w.s.a.s.AnnotationActionEndpointMapping : Supporting [WS-Addressing August 2004, WS-Addressing 1.0]
2022-01-05 12:02:50.564  INFO 35841 --- [    Test worker] o.hibernate.jpa.internal.util.LogHelper  : HHH000204: Processing PersistenceUnitInfo [name: default]
2022-01-05 12:02:50.622  INFO 35841 --- [    Test worker] org.hibernate.Version                    : HHH000412: Hibernate ORM core version 5.6.1.Final
2022-01-05 12:02:50.793  INFO 35841 --- [    Test worker] o.hibernate.annotations.common.Version   : HCANN000001: Hibernate Commons Annotations {5.1.2.Final}
2022-01-05 12:02:50.884  INFO 35841 --- [    Test worker] com.zaxxer.hikari.HikariDataSource       : HikariPool-1 - Starting...
2022-01-05 12:02:51.025  INFO 35841 --- [    Test worker] com.zaxxer.hikari.pool.PoolBase          : HikariPool-1 - Driver does not support get/set network timeout for connections. (Receiver class com.mysql.jdbc.JDBC4Connection does not define or inherit an implementation of the resolved method 'abstract int getNetworkTimeout()' of interface java.sql.Connection.)
2022-01-05 12:02:51.028  INFO 35841 --- [    Test worker] com.zaxxer.hikari.HikariDataSource       : HikariPool-1 - Start completed.
2022-01-05 12:02:51.044  INFO 35841 --- [    Test worker] org.hibernate.dialect.Dialect            : HHH000400: Using dialect: org.hibernate.dialect.MySQL5InnoDBDialect
2022-01-05 12:02:51.744  INFO 35841 --- [    Test worker] o.h.e.t.j.p.i.JtaPlatformInitiator       : HHH000490: Using JtaPlatform implementation: [org.hibernate.engine.transaction.jta.platform.internal.NoJtaPlatform]
2022-01-05 12:02:51.892  INFO 35841 --- [    Test worker] j.LocalContainerEntityManagerFactoryBean : Initialized JPA EntityManagerFactory for persistence unit 'default'
2022-01-05 12:02:52.591  WARN 35841 --- [    Test worker] JpaBaseConfiguration$JpaWebConfiguration : spring.jpa.open-in-view is enabled by default. Therefore, database queries may be performed during view rendering. Explicitly configure spring.jpa.open-in-view to disable this warning
2022-01-05 12:02:52.787  WARN 35841 --- [    Test worker] o.s.data.convert.CustomConversions       : Registering converter from class java.time.OffsetDateTime to class org.springframework.data.jdbc.core.convert.JdbcValue as writing converter although it doesn't convert to a store-supported type! You might want to check your annotation setup at the converter implementation.
2022-01-05 12:02:53.729  INFO 35841 --- [    Test worker] com.library.LibraryApplicationTests      : Started LibraryApplicationTests in 5.025 seconds (JVM running for 6.42)
started test
Hibernate: select effectuera0_.date_debut_abonnement as date_deb1_2_, effectuera0_.id_abonnement as id_abonn2_2_, effectuera0_.id_lecteur as id_lecte3_2_, effectuera0_.date_fin_abonnement as date_fin4_2_ from library.effectuerabonnement effectuera0_ where effectuera0_.id_lecteur=?
]]></system-out>
  <system-err><![CDATA[]]></system-err>
</testsuite>
